
                        DC Professional (TM)
                           DC Expert (TM)
                            DC Ultra (TM)
                       FloorPlan Manager (TM)
                          HDL Compiler (TM)
                         VHDL Compiler (TM)
                        Library Compiler (TM)
                      DesignWare Developer (TM)
                          DFT Compiler (TM)
                            BSD Compiler
                         Power Compiler (TM)

           Version D-2010.03-SP3 for amd64 -- Jul 18, 2010
              Copyright (c) 1988-2010 by Synopsys, Inc.
                         ALL RIGHTS RESERVED

This software and the associated documentation are confidential and 
proprietary to Synopsys, Inc. Your use or disclosure of this software 
is subject to the terms and conditions of a written license agreement 
between you, or your company, and Synopsys, Inc.

The above trademark notice does not imply that you are licensed to use 
all of the listed products. You are licensed to use only those products 
for which you have lawfully obtained a valid license key.

Initializing...
# Step 1:  Read in the source file
analyze -format vhdl -lib WORK {MemoryController.vhd}
Running PRESTO HDLC
Compiling Entity Declaration MEMORYCONTROLLER
Compiling Architecture STATEMACHINE of MEMORYCONTROLLER
Presto compilation completed successfully.
Loading db file '/package/eda/cells/OSU/v2.7/synopsys/lib/ami05/osu05_stdcells.db'
1
elaborate MemoryController -arch "statemachine" -lib WORK -update
Loading db file '/package/eda/synopsys/syn-D-2010.03-SP3/libraries/syn/gtech.db'
Loading db file '/package/eda/synopsys/syn-D-2010.03-SP3/libraries/syn/standard.sldb'
  Loading link library 'osu05_stdcells'
  Loading link library 'gtech'
Running PRESTO HDLC

Statistics for case statements in always block at line 46 in file
	'./source/MemoryController.vhd'
===============================================
|           Line           |  full/ parallel  |
===============================================
|            51            |    auto/auto     |
===============================================

Statistics for case statements in always block at line 87 in file
	'./source/MemoryController.vhd'
===============================================
|           Line           |  full/ parallel  |
===============================================
|            89            |    auto/auto     |
===============================================

Inferred memory devices in process
	in routine MemoryController line 32 in file
		'./source/MemoryController.vhd'.
===============================================================================
|    Register Name    |   Type    | Width | Bus | MB | AR | AS | SR | SS | ST |
===============================================================================
|    counter32_reg    | Flip-flop |   5   |  Y  | N  | Y  | N  | N  | N  | N  |
|      state_reg      | Flip-flop |   3   |  Y  | N  | Y  | N  | N  | N  | N  |
|     counter_reg     | Flip-flop |   3   |  Y  | N  | Y  | N  | N  | N  | N  |
===============================================================================
Presto compilation completed successfully.
Elaborated 1 design.
Current design is now 'MemoryController'.
1
# Step 2: Set design constraints
# Uncomment below to set timing, area, power, etc. constraints
# set_max_delay <delay> -from "<input>" -to "<output>"
# set_max_area <area>
# set_max_total_power <power> mW
# Step 3: Compile the design
compile -map_effort medium
Information: Evaluating DesignWare library utilization. (UISN-27)

============================================================================
| DesignWare Building Block Library       |      Version       | Available |
============================================================================
| Basic DW Building Blocks                | D-2010.03-DWBB_1007 |    *     |
| Licensed DW Building Blocks             |                    |           |
============================================================================


Information: There are 2 potential problems in your design. Please run 'check_design' for more information. (LINT-99)



  Beginning Pass 1 Mapping
  ------------------------
  Processing 'MemoryController'

  Updating timing information
Information: Updating design information... (UID-85)
Information: Design 'MemoryController' has no optimization constraints set. (OPT-108)

  Beginning Implementation Selection
  ----------------------------------
  Processing 'MemoryController_DW01_inc_0'

  Beginning Mapping Optimizations  (Medium effort)
  -------------------------------
  Structuring 'MemoryController'
  Mapping 'MemoryController'

   ELAPSED            WORST NEG TOTAL NEG  DESIGN                            
    TIME      AREA      SLACK     SLACK   RULE COST         ENDPOINT         
  --------- --------- --------- --------- --------- -------------------------
    0:00:01   28881.0      0.00       0.0       0.1                          
    0:00:01   28881.0      0.00       0.0       0.1                          
    0:00:01   28881.0      0.00       0.0       0.1                          
    0:00:01   28881.0      0.00       0.0       0.1                          
    0:00:01   28881.0      0.00       0.0       0.1                          
    0:00:01   28881.0      0.00       0.0       0.1                          
    0:00:01   28881.0      0.00       0.0       0.1                          
    0:00:01   28881.0      0.00       0.0       0.1                          
    0:00:01   28881.0      0.00       0.0       0.1                          
    0:00:01   28881.0      0.00       0.0       0.0                          
    0:00:01   28881.0      0.00       0.0       0.0                          
    0:00:01   28881.0      0.00       0.0       0.0                          
    0:00:01   28881.0      0.00       0.0       0.0                          



  Beginning Delay Optimization Phase
  ----------------------------------

   ELAPSED            WORST NEG TOTAL NEG  DESIGN                            
    TIME      AREA      SLACK     SLACK   RULE COST         ENDPOINT         
  --------- --------- --------- --------- --------- -------------------------
    0:00:01   28881.0      0.00       0.0       0.0                          
    0:00:01   28881.0      0.00       0.0       0.0                          
    0:00:01   28881.0      0.00       0.0       0.0                          


  Beginning Area-Recovery Phase  (cleanup)
  -----------------------------

   ELAPSED            WORST NEG TOTAL NEG  DESIGN                            
    TIME      AREA      SLACK     SLACK   RULE COST         ENDPOINT         
  --------- --------- --------- --------- --------- -------------------------
    0:00:01   28881.0      0.00       0.0       0.0                          
    0:00:01   28881.0      0.00       0.0       0.0                          
    0:00:01   28881.0      0.00       0.0       0.0                          
    0:00:01   28881.0      0.00       0.0       0.0                          
    0:00:01   28881.0      0.00       0.0       0.0                          
    0:00:01   28881.0      0.00       0.0       0.0                          
    0:00:01   28881.0      0.00       0.0       0.0                          
    0:00:01   28881.0      0.00       0.0       0.0                          
    0:00:01   28881.0      0.00       0.0       0.0                          
    0:00:01   28881.0      0.00       0.0       0.0                          
    0:00:01   28881.0      0.00       0.0       0.0                          
Loading db file '/package/eda/cells/OSU/v2.7/synopsys/lib/ami05/osu05_stdcells.db'

  Optimization Complete
  ---------------------
1
# Step 4: Output reports
current_design .
Current design is 'MemoryController'.
{MemoryController}
report_timing -path full -delay max -max_paths 1 -nworst 1 > reports/$current_design.rep
report_area >> reports/$current_design.rep
report_power -hier >> reports/$current_design.rep
# Step 5: Output final VHDL and Verilog files
write -format vhdl -hierarchy -output "mapped/$current_design.vhd"
Writing vhdl file '/home/ecegrid/a/mg31/ece337/M_SRAM/mapped/MemoryController.vhd'.
1
write -format verilog -hierarchy -output "mapped/$current_design.v"
Writing verilog file '/home/ecegrid/a/mg31/ece337/M_SRAM/mapped/MemoryController.v'.
Warning: Verilog 'assign' or 'tran' statements are written out. (VO-4)
1
echo "\nScript Done\n"

Script Done

echo "\nChecking Design\n"

Checking Design

check_design
Warning: In design 'MemoryController', output port 'w_enable' is connected directly to output port 'r_enable_out'. (LINT-31)
1
exit
Information: Defining new variable 'compile_group_pull_control_logic'. (CMD-041)

Thank you...
